Log file open, 01/22/18 10:58:02
LogWindows: Failed to load 'aqProf.dll' (GetLastError=126)
LogWindows: File 'aqProf.dll' does not exist
LogWindows: Failed to load 'VSPerf140.dll' (GetLastError=126)
LogWindows: File 'VSPerf140.dll' does not exist
LogWindows: Failed to load 'VtuneApi.dll' (GetLastError=126)
LogWindows: File 'VtuneApi.dll' does not exist
LogWindows: Failed to load 'VtuneApi32e.dll' (GetLastError=126)
LogWindows: File 'VtuneApi32e.dll' does not exist
LogInit: Display: Running engine for game: TanksWar
LogPlatformFile: Not using cached read wrapper
LogInit: Display: RandInit(524713909) SRandInit(524713909).
LogInit: Read version file with build ID '3709383'
LogInit: Overriding engine version to CL 3794801, compatible CL 3709383
LogInit: Registered custom module enumerator with build ID '3709383'
LogTaskGraph: Started task graph with 5 named threads and 14 total threads with 3 sets of task threads.
LogStats: Stats thread started at 0.156416
LogD3D11RHI: Aftermath initialized
LogPluginManager: Mounting plugin Paper2D
LogPluginManager: Mounting plugin LightPropagationVolume
LogPluginManager: Mounting plugin CodeLiteSourceCodeAccess
LogPluginManager: Mounting plugin GitSourceControl
LogPluginManager: Mounting plugin KDevelopSourceCodeAccess
LogPluginManager: Mounting plugin NullSourceCodeAccess
LogPluginManager: Mounting plugin PerforceSourceControl
LogPluginManager: Mounting plugin SubversionSourceControl
LogPluginManager: Mounting plugin UObjectPlugin
LogPluginManager: Mounting plugin VisualStudioCodeSourceCodeAccess
LogPluginManager: Mounting plugin VisualStudioSourceCodeAccess
LogPluginManager: Mounting plugin XCodeSourceCodeAccess
LogPluginManager: Mounting plugin AssetManagerEditor
LogPluginManager: Mounting plugin AudioCapture
LogPluginManager: Mounting plugin FacialAnimation
LogPluginManager: Mounting plugin GameplayTagsEditor
LogPluginManager: Mounting plugin MobileLauncherProfileWizard
LogPluginManager: Mounting plugin PluginBrowser
LogPluginManager: Mounting plugin SpeedTreeImporter
LogPluginManager: Mounting plugin AlembicImporter
LogPluginManager: Mounting plugin CharacterAI
LogPluginManager: Mounting plugin HTML5Networking
LogPluginManager: Mounting plugin AndroidMedia
LogPluginManager: Mounting plugin AvfMedia
LogPluginManager: Mounting plugin ImgMedia
LogPluginManager: Mounting plugin MediaCompositing
LogPluginManager: Mounting plugin MediaPlayerEditor
LogPluginManager: Mounting plugin WmfMedia
LogPluginManager: Mounting plugin TcpMessaging
LogPluginManager: Mounting plugin UdpMessaging
LogPluginManager: Mounting plugin ActorSequence
LogPluginManager: Mounting plugin LevelSequenceEditor
LogPluginManager: Mounting plugin MatineeToLevelSequence
LogPluginManager: Mounting plugin OnlineSubsystemGooglePlay
LogPluginManager: Mounting plugin OnlineSubsystemIOS
LogPluginManager: Mounting plugin OnlineSubsystem
LogPluginManager: Mounting plugin OnlineSubsystemNull
LogPluginManager: Mounting plugin OnlineSubsystemUtils
LogPluginManager: Mounting plugin AndroidDeviceProfileSelector
LogPluginManager: Mounting plugin AndroidMoviePlayer
LogPluginManager: Mounting plugin AndroidPermission
LogPluginManager: Mounting plugin AppleARKit
LogPluginManager: Mounting plugin AppleMoviePlayer
LogPluginManager: Mounting plugin ArchVisCharacter
LogPluginManager: Mounting plugin CableComponent
LogPluginManager: Mounting plugin CustomMeshComponent
LogPluginManager: Mounting plugin ExampleDeviceProfileSelector
LogPluginManager: Mounting plugin GoogleCloudMessaging
LogPluginManager: Mounting plugin ImmediatePhysics
LogPluginManager: Mounting plugin IOSDeviceProfileSelector
LogPluginManager: Mounting plugin LinuxDeviceProfileSelector
LogPluginManager: Mounting plugin LocationServicesBPLibrary
LogPluginManager: Mounting plugin MobilePatchingUtils
LogPluginManager: Mounting plugin OculusVR
LogPluginManager: Plugin shader directory ../../../Engine/Plugins/Runtime/Oculus/OculusVR/Shaders found
LogPluginManager: Mapping shader source directory ../../../Engine/Plugins/Runtime/Oculus/OculusVR/Shaders to virtual directory /Plugin/OculusVR
LogPluginManager: Mounting plugin PhysXVehicles
LogPluginManager: Mounting plugin ProceduralMeshComponent
LogPluginManager: Mounting plugin RuntimePhysXCooking
LogPluginManager: Mounting plugin SteamVR
LogPluginManager: Mounting plugin WindowsMoviePlayer
LogModuleManager: Display: Found up-to-date module file F:/GitHubProject/UE4_LearnSpace/TanksWar/Binaries/Win64/UE4Editor-TanksWar.dll (API version 3709383).
LogModuleManager: Display: Found up-to-date module file ../../../Engine/Plugins/2D/Paper2D/Binaries/Win64/UE4Editor-Paper2D.dll (API version 3709383).
LogModuleManager: Display: Found up-to-date module file ../../../Engine/Plugins/2D/Paper2D/Binaries/Win64/UE4Editor-Paper2DEditor.dll (API version 3709383).
LogModuleManager: Display: Found up-to-date module file ../../../Engine/Plugins/2D/Paper2D/Binaries/Win64/UE4Editor-PaperSpriteSheetImporter.dll (API version 3709383).
LogModuleManager: Display: Found up-to-date module file ../../../Engine/Plugins/2D/Paper2D/Binaries/Win64/UE4Editor-PaperTiledImporter.dll (API version 3709383).
LogModuleManager: Display: Found up-to-date module file ../../../Engine/Plugins/2D/Paper2D/Binaries/Win64/UE4Editor-SmartSnapping.dll (API version 3709383).
LogModuleManager: Display: Found up-to-date module file ../../../Engine/Plugins/Blendables/LightPropagationVolume/Binaries/Win64/UE4Editor-LightPropagationVolumeRuntime.dll (API version 3709383).
LogModuleManager: Display: Found up-to-date module file ../../../Engine/Plugins/Blendables/LightPropagationVolume/Binaries/Win64/UE4Editor-LightPropagationVolumeEditor.dll (API version 3709383).
LogModuleManager: Display: Found up-to-date module file ../../../Engine/Plugins/Developer/GitSourceControl/Binaries/Win64/UE4Editor-GitSourceControl.dll (API version 3709383).
LogModuleManager: Display: Found up-to-date module file ../../../Engine/Plugins/Developer/PerforceSourceControl/Binaries/Win64/UE4Editor-PerforceSourceControl.dll (API version 3709383).
LogModuleManager: Display: Found up-to-date module file ../../../Engine/Plugins/Developer/SubversionSourceControl/Binaries/Win64/UE4Editor-SubversionSourceControl.dll (API version 3709383).
LogModuleManager: Display: Found up-to-date module file ../../../Engine/Plugins/Developer/UObjectPlugin/Binaries/Win64/UE4Editor-UObjectPlugin.dll (API version 3709383).
LogModuleManager: Display: Found up-to-date module file ../../../Engine/Plugins/Developer/VisualStudioCodeSourceCodeAccess/Binaries/Win64/UE4Editor-VisualStudioCodeSourceCodeAccess.dll (API version 3709383).
LogModuleManager: Display: Found up-to-date module file ../../../Engine/Plugins/Developer/VisualStudioSourceCodeAccess/Binaries/Win64/UE4Editor-VisualStudioSourceCodeAccess.dll (API version 3709383).
LogModuleManager: Display: Found up-to-date module file ../../../Engine/Plugins/Editor/AssetManagerEditor/Binaries/Win64/UE4Editor-AssetManagerEditor.dll (API version 3709383).
LogModuleManager: Display: Found up-to-date module file ../../../Engine/Plugins/Editor/AudioCapture/Binaries/Win64/UE4Editor-AudioCapture.dll (API version 3709383).
LogModuleManager: Display: Found up-to-date module file ../../../Engine/Plugins/Editor/FacialAnimation/Binaries/Win64/UE4Editor-FacialAnimation.dll (API version 3709383).
LogModuleManager: Display: Found up-to-date module file ../../../Engine/Plugins/Editor/FacialAnimation/Binaries/Win64/UE4Editor-FacialAnimationEditor.dll (API version 3709383).
LogModuleManager: Display: Found up-to-date module file ../../../Engine/Plugins/Editor/GameplayTagsEditor/Binaries/Win64/UE4Editor-GameplayTagsEditor.dll (API version 3709383).
LogModuleManager: Display: Found up-to-date module file ../../../Engine/Plugins/Editor/MobileLauncherProfileWizard/Binaries/Win64/UE4Editor-MobileLauncherProfileWizard.dll (API version 3709383).
LogModuleManager: Display: Found up-to-date module file ../../../Engine/Plugins/Editor/PluginBrowser/Binaries/Win64/UE4Editor-PluginBrowser.dll (API version 3709383).
LogModuleManager: Display: Found up-to-date module file ../../../Engine/Plugins/Editor/SpeedTreeImporter/Binaries/Win64/UE4Editor-SpeedTreeImporter.dll (API version 3709383).
LogModuleManager: Display: Found up-to-date module file ../../../Engine/Plugins/Experimental/AlembicImporter/Binaries/Win64/UE4Editor-AlembicImporter.dll (API version 3709383).
LogModuleManager: Display: Found up-to-date module file ../../../Engine/Plugins/Experimental/AlembicImporter/Binaries/Win64/UE4Editor-AlembicLibrary.dll (API version 3709383).
LogModuleManager: Display: Found up-to-date module file ../../../Engine/Plugins/Experimental/CharacterAI/Binaries/Win64/UE4Editor-CharacterAI.dll (API version 3709383).
LogModuleManager: Display: Found up-to-date module file ../../../Engine/Plugins/Experimental/HTML5Networking/Binaries/Win64/UE4Editor-HTML5Networking.dll (API version 3709383).
LogModuleManager: Display: Found up-to-date module file ../../../Engine/Plugins/Media/AndroidMedia/Binaries/Win64/UE4Editor-AndroidMediaEditor.dll (API version 3709383).
LogModuleManager: Display: Found up-to-date module file ../../../Engine/Plugins/Media/AndroidMedia/Binaries/Win64/UE4Editor-AndroidMediaFactory.dll (API version 3709383).
LogModuleManager: Display: Found up-to-date module file ../../../Engine/Plugins/Media/AvfMedia/Binaries/Win64/UE4Editor-AvfMediaEditor.dll (API version 3709383).
LogModuleManager: Display: Found up-to-date module file ../../../Engine/Plugins/Media/AvfMedia/Binaries/Win64/UE4Editor-AvfMediaFactory.dll (API version 3709383).
LogModuleManager: Display: Found up-to-date module file ../../../Engine/Plugins/Media/AvfMedia/Binaries/Win64/UE4Editor-AvfMediaFactory.dll (API version 3709383).
LogModuleManager: Display: Found up-to-date module file ../../../Engine/Plugins/Media/ImgMedia/Binaries/Win64/UE4Editor-ImgMedia.dll (API version 3709383).
LogModuleManager: Display: Found up-to-date module file ../../../Engine/Plugins/Media/ImgMedia/Binaries/Win64/UE4Editor-ImgMediaEditor.dll (API version 3709383).
LogModuleManager: Display: Found up-to-date module file ../../../Engine/Plugins/Media/ImgMedia/Binaries/Win64/UE4Editor-ImgMediaFactory.dll (API version 3709383).
LogModuleManager: Display: Found up-to-date module file ../../../Engine/Plugins/Media/ImgMedia/Binaries/Win64/UE4Editor-ImgMediaFactory.dll (API version 3709383).
LogModuleManager: Display: Found up-to-date module file ../../../Engine/Plugins/Media/ImgMedia/Binaries/Win64/UE4Editor-OpenExrWrapper.dll (API version 3709383).
LogModuleManager: Display: Found up-to-date module file ../../../Engine/Plugins/Media/MediaCompositing/Binaries/Win64/UE4Editor-MediaCompositing.dll (API version 3709383).
LogModuleManager: Display: Found up-to-date module file ../../../Engine/Plugins/Media/MediaCompositing/Binaries/Win64/UE4Editor-MediaCompositingEditor.dll (API version 3709383).
LogModuleManager: Display: Found up-to-date module file ../../../Engine/Plugins/Media/MediaPlayerEditor/Binaries/Win64/UE4Editor-MediaPlayerEditor.dll (API version 3709383).
LogModuleManager: Display: Found up-to-date module file ../../../Engine/Plugins/Media/WmfMedia/Binaries/Win64/UE4Editor-WmfMedia.dll (API version 3709383).
LogModuleManager: Display: Found up-to-date module file ../../../Engine/Plugins/Media/WmfMedia/Binaries/Win64/UE4Editor-WmfMediaEditor.dll (API version 3709383).
LogModuleManager: Display: Found up-to-date module file ../../../Engine/Plugins/Media/WmfMedia/Binaries/Win64/UE4Editor-WmfMediaFactory.dll (API version 3709383).
LogModuleManager: Display: Found up-to-date module file ../../../Engine/Plugins/Media/WmfMedia/Binaries/Win64/UE4Editor-WmfMediaFactory.dll (API version 3709383).
LogModuleManager: Display: Found up-to-date module file ../../../Engine/Plugins/Messaging/TcpMessaging/Binaries/Win64/UE4Editor-TcpMessaging.dll (API version 3709383).
LogModuleManager: Display: Found up-to-date module file ../../../Engine/Plugins/Messaging/UdpMessaging/Binaries/Win64/UE4Editor-UdpMessaging.dll (API version 3709383).
LogModuleManager: Display: Found up-to-date module file ../../../Engine/Plugins/MovieScene/ActorSequence/Binaries/Win64/UE4Editor-ActorSequence.dll (API version 3709383).
LogModuleManager: Display: Found up-to-date module file ../../../Engine/Plugins/MovieScene/LevelSequenceEditor/Binaries/Win64/UE4Editor-LevelSequenceEditor.dll (API version 3709383).
LogModuleManager: Display: Found up-to-date module file ../../../Engine/Plugins/MovieScene/MatineeToLevelSequence/Binaries/Win64/UE4Editor-MatineeToLevelSequence.dll (API version 3709383).
LogModuleManager: Display: Found up-to-date module file ../../../Engine/Plugins/Online/OnlineSubsystem/Binaries/Win64/UE4Editor-OnlineSubsystem.dll (API version 3709383).
LogModuleManager: Display: Found up-to-date module file ../../../Engine/Plugins/Online/OnlineSubsystemNull/Binaries/Win64/UE4Editor-OnlineSubsystemNull.dll (API version 3709383).
LogModuleManager: Display: Found up-to-date module file ../../../Engine/Plugins/Online/OnlineSubsystemUtils/Binaries/Win64/UE4Editor-OnlineSubsystemUtils.dll (API version 3709383).
LogModuleManager: Display: Found up-to-date module file ../../../Engine/Plugins/Online/OnlineSubsystemUtils/Binaries/Win64/UE4Editor-OnlineBlueprintSupport.dll (API version 3709383).
LogModuleManager: Display: Found up-to-date module file ../../../Engine/Plugins/Runtime/AndroidDeviceProfileSelector/Binaries/Win64/UE4Editor-AndroidDeviceProfileSelector.dll (API version 3709383).
LogModuleManager: Display: Found up-to-date module file ../../../Engine/Plugins/Runtime/AndroidPermission/Binaries/Win64/UE4Editor-AndroidPermission.dll (API version 3709383).
LogModuleManager: Display: Found up-to-date module file ../../../Engine/Plugins/Runtime/AppleARKit/Binaries/Win64/UE4Editor-AppleARKit.dll (API version 3709383).
LogModuleManager: Display: Found up-to-date module file ../../../Engine/Plugins/Runtime/ArchVisCharacter/Binaries/Win64/UE4Editor-ArchVisCharacter.dll (API version 3709383).
LogModuleManager: Display: Found up-to-date module file ../../../Engine/Plugins/Runtime/CableComponent/Binaries/Win64/UE4Editor-CableComponent.dll (API version 3709383).
LogModuleManager: Display: Found up-to-date module file ../../../Engine/Plugins/Runtime/CustomMeshComponent/Binaries/Win64/UE4Editor-CustomMeshComponent.dll (API version 3709383).
LogModuleManager: Display: Found up-to-date module file ../../../Engine/Plugins/Runtime/ExampleDeviceProfileSelector/Binaries/Win64/UE4Editor-ExampleDeviceProfileSelector.dll (API version 3709383).
LogModuleManager: Display: Found up-to-date module file ../../../Engine/Plugins/Runtime/ImmediatePhysics/Binaries/Win64/UE4Editor-ImmediatePhysics.dll (API version 3709383).
LogModuleManager: Display: Found up-to-date module file ../../../Engine/Plugins/Runtime/ImmediatePhysics/Binaries/Win64/UE4Editor-ImmediatePhysicsEditor.dll (API version 3709383).
LogModuleManager: Display: Found up-to-date module file ../../../Engine/Plugins/Runtime/LocationServicesBPLibrary/Binaries/Win64/UE4Editor-LocationServicesBPLibrary.dll (API version 3709383).
LogModuleManager: Display: Found up-to-date module file ../../../Engine/Plugins/Runtime/MobilePatchingUtils/Binaries/Win64/UE4Editor-MobilePatchingUtils.dll (API version 3709383).
LogModuleManager: Display: Found up-to-date module file ../../../Engine/Plugins/Runtime/Oculus/OculusVR/Binaries/Win64/UE4Editor-OculusHMD.dll (API version 3709383).
LogModuleManager: Display: Found up-to-date module file ../../../Engine/Plugins/Runtime/Oculus/OculusVR/Binaries/Win64/UE4Editor-OculusInput.dll (API version 3709383).
LogModuleManager: Display: Found up-to-date module file ../../../Engine/Plugins/Runtime/Oculus/OculusVR/Binaries/Win64/UE4Editor-OculusEditor.dll (API version 3709383).
LogModuleManager: Display: Found up-to-date module file ../../../Engine/Plugins/Runtime/PhysXVehicles/Binaries/Win64/UE4Editor-PhysXVehicles.dll (API version 3709383).
LogModuleManager: Display: Found up-to-date module file ../../../Engine/Plugins/Runtime/PhysXVehicles/Binaries/Win64/UE4Editor-PhysXVehiclesEditor.dll (API version 3709383).
LogModuleManager: Display: Found up-to-date module file ../../../Engine/Plugins/Runtime/ProceduralMeshComponent/Binaries/Win64/UE4Editor-ProceduralMeshComponent.dll (API version 3709383).
LogModuleManager: Display: Found up-to-date module file ../../../Engine/Plugins/Runtime/ProceduralMeshComponent/Binaries/Win64/UE4Editor-ProceduralMeshComponentEditor.dll (API version 3709383).
LogModuleManager: Display: Found up-to-date module file ../../../Engine/Plugins/Runtime/RuntimePhysXCooking/Binaries/Win64/UE4Editor-RuntimePhysXCooking.dll (API version 3709383).
LogModuleManager: Display: Found up-to-date module file ../../../Engine/Plugins/Runtime/Steam/SteamVR/Binaries/Win64/UE4Editor-SteamVR.dll (API version 3709383).
LogModuleManager: Display: Found up-to-date module file ../../../Engine/Plugins/Runtime/Steam/SteamVR/Binaries/Win64/UE4Editor-SteamVRController.dll (API version 3709383).
LogModuleManager: Display: Found up-to-date module file ../../../Engine/Plugins/Runtime/WindowsMoviePlayer/Binaries/Win64/UE4Editor-WindowsMoviePlayer.dll (API version 3709383).
LogInit: Using libcurl 7.47.1
LogInit:  - built for x86_64-pc-win32
LogInit:  - supports SSL with OpenSSL/1.0.2g
LogInit:  - supports HTTP deflate (compression) using libz 1.2.8
LogInit:  - other features:
LogInit:      CURL_VERSION_SSL
LogInit:      CURL_VERSION_LIBZ
LogInit:      CURL_VERSION_IPV6
LogInit:      CURL_VERSION_ASYNCHDNS
LogInit:      CURL_VERSION_LARGEFILE
LogInit:      CURL_VERSION_IDN
LogInit:  CurlRequestOptions (configurable via config and command line):
LogInit:  - bVerifyPeer = false  - Libcurl will NOT verify peer certificate
LogInit:  - bUseHttpProxy = false  - Libcurl will NOT use HTTP proxy
LogInit:  - bDontReuseConnections = false  - Libcurl will reuse connections
LogInit:  - CertBundlePath = nullptr  - Libcurl will use whatever was configured at build time.
LogInit: Build: ++UE4+Release-4.18-CL-3832480
LogInit: Engine Version: 4.18.3-3832480+++UE4+Release-4.18
LogInit: Compatible Engine Version: 4.18.0-3709383+++UE4+Release-4.18
LogInit: Net CL: 3709383
LogDevObjectVersion: Number of dev versions registered: 16
LogDevObjectVersion:   Dev-Blueprints (B0D832E4-1F89-4F0D-ACCF-7EB736FD4AA2): 10
LogDevObjectVersion:   Dev-Build (E1C64328-A22C-4D53-A36C-8E866417BD8C): 0
LogDevObjectVersion:   Dev-Core (375EC13C-06E4-48FB-B500-84F0262A717E): 2
LogDevObjectVersion:   Dev-Editor (E4B068ED-F494-42E9-A231-DA0B2E46BB41): 20
LogDevObjectVersion:   Dev-Framework (CFFC743F-43B0-4480-9391-14DF171D2073): 30
LogDevObjectVersion:   Dev-Mobile (B02B49B5-BB20-44E9-A304-32B752E40360): 0
LogDevObjectVersion:   Dev-Networking (A4E4105C-59A1-49B5-A7C5-40C4547EDFEE): 0
LogDevObjectVersion:   Dev-Online (39C831C9-5AE6-47DC-9A44-9C173E1C8E7C): 0
LogDevObjectVersion:   Dev-Physics (78F01B33-EBEA-4F98-B9B4-84EACCB95AA2): 0
LogDevObjectVersion:   Dev-Platform (6631380F-2D4D-43E0-8009-CF276956A95A): 0
LogDevObjectVersion:   Dev-Rendering (12F88B9F-8875-4AFC-A67C-D90C383ABD29): 20
LogDevObjectVersion:   Dev-Sequencer (7B5AE74C-D270-4C10-A958-57980B212A5A): 4
LogDevObjectVersion:   Dev-VR (D7296918-1DD6-4BDD-9DE2-64A83CC13884): 0
LogDevObjectVersion:   Dev-LoadTimes (C2A15278-BFE7-4AFE-6C17-90FF531DF755): 1
LogDevObjectVersion:   Private-Geometry (6EACA3D4-40EC-4CC1-B786-8BED09428FC5): 1
LogDevObjectVersion:   Dev-AnimPhys (29E575DD-E0A3-4627-9D10-D276232CDCEA): 12
LogInit: Compiled (64-bit): Jan 12 2018 02:04:55
LogInit: Compiled with Visual C++: 19.00.24215.01
LogInit: Build Configuration: Development
LogInit: Branch Name: ++UE4+Release-4.18
LogInit: Command line:  
LogInit: Base directory: D:/UE4WorkSpace/UE4Editor/UE_4.18/Engine/Binaries/Win64/
LogInit: Installed Engine Build: 1
LogInit: Presizing for max 8388607 objects, including 0 objects not considered by GC, pre-allocating 0 bytes for permanent pool.
LogInit: Object subsystem initialized
[2018.01.22-02.58.03:476][  0]LogInit: Selected Device Profile: [Windows]
[2018.01.22-02.58.03:476][  0]LogInit: Applying CVar settings loaded from the selected device profile: [Windows]
[2018.01.22-02.58.03:482][  0]LogInit: Computer: DESKTOP-VO1JGU4
[2018.01.22-02.58.03:482][  0]LogInit: User: VRUser04
[2018.01.22-02.58.03:482][  0]LogInit: CPU Page size=4096, Cores=4
[2018.01.22-02.58.03:482][  0]LogInit: High frequency timer resolution =4.101567 MHz
[2018.01.22-02.58.03:482][  0]LogMemory: Memory total: Physical=16.0GB (16GB approx)
[2018.01.22-02.58.03:482][  0]LogMemory: Platform Memory Stats for Windows
[2018.01.22-02.58.03:482][  0]LogMemory: Process Physical Memory: 271.86 MB used, 271.86 MB peak
[2018.01.22-02.58.03:482][  0]LogMemory: Process Virtual Memory: 269.57 MB used, 269.57 MB peak
[2018.01.22-02.58.03:482][  0]LogMemory: Physical Memory: 5204.68 MB used,  11137.39 MB free, 16342.07 MB total
[2018.01.22-02.58.03:482][  0]LogMemory: Virtual Memory: 648.35 MB used,  11137.39 MB free, 134217728.00 MB total
[2018.01.22-02.58.03:561][  0]LogInit: Using OS detected language (zh-CN).
[2018.01.22-02.58.03:561][  0]LogInit: Using OS detected locale (zh-CN).
[2018.01.22-02.58.03:643][  0]LogInit: Setting process to per monitor DPI aware
[2018.01.22-02.58.03:813][  0]LogD3D11RHI: D3D11 adapters:
[2018.01.22-02.58.03:857][  0]LogD3D11RHI:    0. 'NVIDIA GeForce GTX 1080' (Feature Level 11_0)
[2018.01.22-02.58.03:857][  0]LogD3D11RHI:       8086/0/8171 MB DedicatedVideo/DedicatedSystem/SharedSystem, Outputs:1, VendorId:0x10de
[2018.01.22-02.58.03:858][  0]LogD3D11RHI:    1. 'Microsoft Basic Render Driver' (Feature Level 11_0)
[2018.01.22-02.58.03:858][  0]LogD3D11RHI:       0/0/8171 MB DedicatedVideo/DedicatedSystem/SharedSystem, Outputs:0, VendorId:0x1414
[2018.01.22-02.58.03:858][  0]LogD3D11RHI: Chosen D3D11 Adapter: 0
[2018.01.22-02.58.03:863][  0]LogD3D11RHI: Creating new Direct3DDevice
[2018.01.22-02.58.03:863][  0]LogD3D11RHI:     GPU DeviceId: 0x1b80 (for the marketing name, search the web for "GPU Device Id")
[2018.01.22-02.58.03:863][  0]LogWindows: EnumDisplayDevices:
[2018.01.22-02.58.03:864][  0]LogWindows:    0. 'NVIDIA GeForce GTX 1080' (P:1 D:1)
[2018.01.22-02.58.03:864][  0]LogWindows:    1. 'NVIDIA GeForce GTX 1080' (P:0 D:0)
[2018.01.22-02.58.03:865][  0]LogWindows:    2. 'NVIDIA GeForce GTX 1080' (P:0 D:0)
[2018.01.22-02.58.03:865][  0]LogWindows:    3. 'NVIDIA GeForce GTX 1080' (P:0 D:0)
[2018.01.22-02.58.03:865][  0]LogWindows: DebugString: FoundDriverCount:4 
[2018.01.22-02.58.03:865][  0]LogD3D11RHI:     Adapter Name: NVIDIA GeForce GTX 1080
[2018.01.22-02.58.03:865][  0]LogD3D11RHI:   Driver Version: 388.13 (internal:23.21.13.8813, unified:388.13)
[2018.01.22-02.58.03:865][  0]LogD3D11RHI:      Driver Date: 10-27-2017
[2018.01.22-02.58.03:865][  0]LogRHI: Texture pool is 5660 MB (70% of 8086 MB)
[2018.01.22-02.58.03:894][  0]LogD3D11RHI: Async texture creation enabled
[2018.01.22-02.58.03:908][  0]LogD3D11RHI: GPU Timing Frequency: 1000.000000 (Debug: 2 1)
[2018.01.22-02.58.03:951][  0]LogShaderCompilers: Guid format shader working directory is 8 characters bigger than the processId version (F:/GitHubProject/UE4_LearnSpace/TanksWar/Intermediate/Shaders/WorkingDirectory/15804/).
[2018.01.22-02.58.03:951][  0]LogShaderCompilers: Cleaned the shader compiler working directory 'C:/Users/VRUser04/AppData/Local/Temp/UnrealShaderWorkingDir/CB92ABD241A1FA8EB70A33BE973B4C33/'.
[2018.01.22-02.58.03:951][  0]LogShaderCompilers: Display: Using Local Shader Compiler.
[2018.01.22-02.58.04:603][  0]LogTemp: Display: Loaded TP AllDesktopTargetPlatform
[2018.01.22-02.58.04:643][  0]LogTemp: Display: Loaded TP MacClientTargetPlatform
[2018.01.22-02.58.04:678][  0]LogTemp: Display: Loaded TP MacNoEditorTargetPlatform
[2018.01.22-02.58.04:709][  0]LogTemp: Display: Loaded TP MacServerTargetPlatform
[2018.01.22-02.58.04:741][  0]LogTemp: Display: Loaded TP MacTargetPlatform
[2018.01.22-02.58.04:773][  0]LogTemp: Display: Loaded TP WindowsClientTargetPlatform
[2018.01.22-02.58.04:804][  0]LogTemp: Display: Loaded TP WindowsNoEditorTargetPlatform
[2018.01.22-02.58.04:835][  0]LogTemp: Display: Loaded TP WindowsServerTargetPlatform
[2018.01.22-02.58.04:863][  0]LogTemp: Display: Loaded TP WindowsTargetPlatform
[2018.01.22-02.58.04:893][  0]LogTemp: Display: Loaded TP Android_ASTCTargetPlatform
[2018.01.22-02.58.04:924][  0]LogTemp: Display: Loaded TP Android_ATCTargetPlatform
[2018.01.22-02.58.04:955][  0]LogTemp: Display: Loaded TP Android_DXTTargetPlatform
[2018.01.22-02.58.04:985][  0]LogTemp: Display: Loaded TP Android_ETC1TargetPlatform
[2018.01.22-02.58.05:016][  0]LogTemp: Display: Loaded TP Android_ETC2TargetPlatform
[2018.01.22-02.58.05:076][  0]LogTemp: Display: Loaded TP Android_MultiTargetPlatform
[2018.01.22-02.58.05:076][  0]LogTemp: Display: Loaded TP Android_PVRTCTargetPlatform
[2018.01.22-02.58.05:106][  0]LogTemp: Display: Loaded TP AndroidTargetPlatform
[2018.01.22-02.58.05:128][  0]LogTemp: Display: Loaded TP HTML5TargetPlatform
[2018.01.22-02.58.05:190][  0]LogTemp: Display: Loaded TP IOSTargetPlatform
[2018.01.22-02.58.05:206][  0]LogTemp: Display: Loaded TP TVOSTargetPlatform
[2018.01.22-02.58.05:235][  0]LogTemp: Display: Loaded TP LinuxClientTargetPlatform
[2018.01.22-02.58.05:264][  0]LogTemp: Display: Loaded TP LinuxNoEditorTargetPlatform
[2018.01.22-02.58.05:293][  0]LogTemp: Display: Loaded TP LinuxServerTargetPlatform
[2018.01.22-02.58.05:323][  0]LogTemp: Display: Loaded TP LinuxTargetPlatform
[2018.01.22-02.58.05:323][  0]LogTargetPlatformManager: Display: Building Assets For Windows
[2018.01.22-02.58.05:589][  0]LogDerivedDataCache: Display: Max Cache Size: 512 MB
[2018.01.22-02.58.05:647][  0]LogDerivedDataCache: Loaded boot cache 0.06s 78MB C:/Users/VRUser04/AppData/Local/UnrealEngine/4.18/DerivedDataCache/Boot.ddc.
[2018.01.22-02.58.05:647][  0]LogDerivedDataCache: Display: Loaded Boot cache: C:/Users/VRUser04/AppData/Local/UnrealEngine/4.18/DerivedDataCache/Boot.ddc
[2018.01.22-02.58.05:647][  0]LogDerivedDataCache: FDerivedDataBackendGraph:  Pak pak cache file F:/GitHubProject/UE4_LearnSpace/TanksWar/DerivedDataCache/DDC.ddp not found, will not use a pak cache.
[2018.01.22-02.58.05:647][  0]LogDerivedDataCache: Unable to find inner node Pak for hierarchical cache Hierarchy.
[2018.01.22-02.58.05:647][  0]LogDerivedDataCache: FDerivedDataBackendGraph:  CompressedPak pak cache file F:/GitHubProject/UE4_LearnSpace/TanksWar/DerivedDataCache/Compressed.ddp not found, will not use a pak cache.
[2018.01.22-02.58.05:647][  0]LogDerivedDataCache: Unable to find inner node CompressedPak for hierarchical cache Hierarchy.
[2018.01.22-02.58.05:659][  0]LogDerivedDataCache: Display: Pak cache opened for reading ../../../Engine/DerivedDataCache/Compressed.ddp.
[2018.01.22-02.58.05:672][  0]LogDerivedDataCache: Using Local data cache path C:/Users/VRUser04/AppData/Local/UnrealEngine/Common/DerivedDataCache: Writable
[2018.01.22-02.58.05:680][  0]LogMaterial: Verifying Global Shaders for PCD3D_SM5
[2018.01.22-02.58.05:680][  0]LogSlate: Using Freetype 2.6.0
[2018.01.22-02.58.05:680][  0]LogSlate: SlateFontCache - WITH_FREETYPE: 1, WITH_HARFBUZZ: 1
[2018.01.22-02.58.05:680][  0]LogSlate: SlateFontCache - WITH_FREETYPE: 1, WITH_HARFBUZZ: 1
[2018.01.22-02.58.05:921][  0]LogInit: Selected Device Profile: [Windows]
[2018.01.22-02.58.06:122][  0]LogSimplygon: Simplygon DLL not present - disabling.
[2018.01.22-02.58.06:145][  0]LogMeshReduction: Using SimplygonSwarm for distributed automatic mesh merging
[2018.01.22-02.58.06:145][  0]LogMeshReduction: Using QuadricMeshReduction for automatic static mesh reduction
[2018.01.22-02.58.06:145][  0]LogMeshReduction: No automatic skeletal mesh reduction module available
[2018.01.22-02.58.06:145][  0]LogMeshReduction: No automatic mesh merging module available
[2018.01.22-02.58.06:145][  0]LogMeshMerging: No automatic mesh merging module available
[2018.01.22-02.58.06:170][  0]LogNetVersion: TanksWar , NetCL: 3709383, EngineNetVer: 2, GameNetVer: 0 (Checksum: 621525947)
[2018.01.22-02.58.06:288][  0]LogAssetRegistry: FAssetRegistry took 0.0250 seconds to start up
[2018.01.22-02.58.06:708][  0]LogPackageLocalizationCache: Processed 7 localized package path(s) for 4 prioritized culture(s) in 0.077181 seconds
[2018.01.22-02.58.06:712][  0]LogUObjectArray: 35870 objects as part of root set at end of initial load.
[2018.01.22-02.58.06:712][  0]LogUObjectAllocator: 7363704 out of 0 bytes used by permanent object pool.
[2018.01.22-02.58.06:712][  0]LogUObjectArray: CloseDisregardForGC: 0/0 objects in disregard for GC pool
[2018.01.22-02.58.06:742][  0]LogInit: WinSock: version 1.1 (2.2), MaxSocks=32767, MaxUdp=65467
[2018.01.22-02.58.08:607][  0]LogTcpMessaging: Initializing TcpMessaging bridge
[2018.01.22-02.58.08:640][  0]LogUdpMessaging: Initializing bridge on interface 0.0.0.0:0 to multicast group 230.0.0.1:6666.
[2018.01.22-02.58.10:015][  0]LogMaterial: Uniform references updated for custom material expression Custom.
[2018.01.22-02.58.10:740][  0]SourceControl: 源码控制已禁用
[2018.01.22-02.58.10:742][  0]SourceControl: 源码控制已禁用
[2018.01.22-02.58.10:830][  0]SourceControl: 源码控制已禁用
[2018.01.22-02.58.10:893][  0]SourceControl: 源码控制已禁用
[2018.01.22-02.58.12:311][  0]LogAndroidPermission: UAndroidPermissionCallbackProxy::GetInstance
[2018.01.22-02.58.12:526][  0]LogOcInput: OculusInput pre-init called
[2018.01.22-02.58.13:306][  0]LogEngine: Initializing Engine...
[2018.01.22-02.58.13:399][  0]LogHMD: Failed to initialize OpenVR with code 110
[2018.01.22-02.58.13:776][  0]LogStats: UGameplayTagsManager::ConstructGameplayTagTree: Construct from data asset -  0.000 s
[2018.01.22-02.58.13:776][  0]LogStats: UGameplayTagsManager::ConstructGameplayTagTree: GameplayTagTreeChangedEvent.Broadcast -  0.000 s
[2018.01.22-02.58.14:202][  0]LogAIModule: Creating AISystem for world Untitled
[2018.01.22-02.58.14:396][  0]LogInit: XAudio2 using '扬声器 (Realtek High Definition Audio)' : 2 channels at 48 kHz using 16 bits per sample (channel mask 0x3)
[2018.01.22-02.58.14:573][  0]LogInit: FAudioDevice initialized.
[2018.01.22-02.58.14:683][  0]LogDerivedDataCache: Saved boot cache 0.07s 78MB C:/Users/VRUser04/AppData/Local/UnrealEngine/4.18/DerivedDataCache/Boot.ddc.
[2018.01.22-02.58.14:730][  0]LogInit: Texture streaming: Enabled
[2018.01.22-02.58.14:998][  0]LogEngineSessionManager: EngineSessionManager initialized
[2018.01.22-02.58.15:201][  0]LogInit: Transaction tracking system initialized
[2018.01.22-02.58.15:773][  0]BlueprintLog: New page: 编辑器加载
[2018.01.22-02.58.17:754][  0]LocalizationService: 本地化服务已被禁用
[2018.01.22-02.58.18:781][  0]LogLinker: Warning: 无法寻找到文件'/Game/PuzzleBP/PuzzleOverview'
[2018.01.22-02.58.18:782][  0]LogLinker: Warning: 无法寻找到文件'/Game/PuzzleBP/PuzzleOverview'
[2018.01.22-02.58.18:792][  0]LogUObjectGlobals: Warning: 寻找对象'Class /Game/PuzzleBP/PuzzleOverview.PuzzleOverview_C'失败
[2018.01.22-02.58.19:234][  0]LogConsoleResponse: Display: 
[2018.01.22-02.58.20:631][  0]LogCook: Display: Max memory allowance for cook 16384mb min free memory 0mb
[2018.01.22-02.58.20:631][  0]LogCook: Display: Mobile HDR setting 1
[2018.01.22-02.58.20:631][  0]LogGameplayTags: Display: UGameplayTagsManager::DoneAddingNativeTags. DelegateIsBound: 0
[2018.01.22-02.58.21:241][  0]LogFileCache: Scanning file cache for directory 'F:/GitHubProject/UE4_LearnSpace/TanksWar/Content/' took 0.03s
[2018.01.22-02.58.26:483][  0]SourceControl: 源码控制已禁用
[2018.01.22-02.58.26:517][  0]Cmd: MAP LOAD FILE="../../../Engine/Content/Maps/Templates/Template_Default.umap" TEMPLATE=1 SHOWPROGRESS=1 FEATURELEVEL=3
[2018.01.22-02.58.26:517][  0]LightingResults: New page: 光照构建
[2018.01.22-02.58.26:866][  0]MapCheck: New page: 地图检测
[2018.01.22-02.58.26:866][  0]LightingResults: New page: 光照构建
[2018.01.22-02.58.29:123][  0]LogAIModule: Creating AISystem for world Untitled_1
[2018.01.22-02.58.29:518][  0]LogEditorServer: Finished looking for orphan Actors (0.000 secs)
[2018.01.22-02.58.29:566][  0]Cmd: MAP CHECKDEP NOCLEARLOG
[2018.01.22-02.58.29:595][  0]MapCheck: 地图检测完成：0个错误，0 个警告，用时28.823毫秒完成。
[2018.01.22-02.58.29:595][  0]LogFileHelpers: Loading map 'Template_Default' took 3.078
[2018.01.22-02.58.31:612][  0]LogCollectionManager: Loaded 0 collections in 0.001853 seconds
[2018.01.22-02.58.31:793][  0]LogFileCache: Scanning file cache for directory 'F:/GitHubProject/UE4_LearnSpace/TanksWar/Saved/Collections/' took 0.01s
[2018.01.22-02.58.31:793][  0]LogFileCache: Scanning file cache for directory 'F:/GitHubProject/UE4_LearnSpace/TanksWar/Content/Developers/VRUser04/Collections/' took 0.01s
[2018.01.22-02.58.31:793][  0]LogFileCache: Scanning file cache for directory 'F:/GitHubProject/UE4_LearnSpace/TanksWar/Content/Collections/' took 0.01s
[2018.01.22-02.58.31:793][  0]LogCollectionManager: Rebuilt the GUID cache for 0 collections in 0.000000 seconds
[2018.01.22-02.58.31:826][  0]LogContentBrowser: Native class hierarchy populated in 0.0298 seconds. Added 2364 classes and 521 folders.
[2018.01.22-02.58.32:050][  0]LogContentBrowser: Native class hierarchy updated for 'WidgetCarousel' in 0.0005 seconds. Added 0 classes and 0 folders.
[2018.01.22-02.58.33:503][  0]LogContentBrowser: Native class hierarchy updated for 'AddContentDialog' in 0.0004 seconds. Added 0 classes and 0 folders.
[2018.01.22-02.58.33:628][  0]LogContentBrowser: Native class hierarchy updated for 'SceneOutliner' in 0.0005 seconds. Added 1 classes and 2 folders.
[2018.01.22-02.58.34:497][  0]LogSlate: Took 0.017902 seconds to synchronously load lazily loaded font '../../../Engine/Content/Slate/Fonts/Roboto-Regular.ttf' (155K)
[2018.01.22-02.58.34:559][  0]LogSlate: Took 0.048577 seconds to synchronously load lazily loaded font '../../../Engine/Content/Slate/Fonts/DroidSansFallback.ttf' (3848K)
[2018.01.22-02.58.34:591][  0]LogSlate: Took 0.016805 seconds to synchronously load lazily loaded font '../../../Engine/Content/Slate/Fonts/Roboto-Bold.ttf' (160K)
[2018.01.22-02.58.34:682][  0]LogSlate: Took 0.016019 seconds to synchronously load lazily loaded font '../../../Engine/Content/Editor/Slate/Fonts/FontAwesome.ttf' (139K)
[2018.01.22-02.58.35:153][  0]LogRenderer: Reallocating scene render targets to support 1616x808 Format 10 NumSamples 1 (Frame:1).
[2018.01.22-02.58.35:768][  0]LogContentBrowser: Native class hierarchy updated for 'HierarchicalLODOutliner' in 0.0005 seconds. Added 1 classes and 2 folders.
[2018.01.22-02.58.35:768][  0]LogLoad: (Engine Initialization) Total time: 34.13 seconds
[2018.01.22-02.58.35:768][  0]LogLoad: (Engine Initialization) Total Blueprint compile time: 0.00 seconds
[2018.01.22-02.58.35:794][  0]LogExternalProfiler: No external profilers were discovered.  External profiling features will not be available.
[2018.01.22-02.58.36:515][  0]LogContentStreaming: Texture pool size now 1000 MB
[2018.01.22-02.58.37:182][  2]LogAssetRegistry: Asset discovery search completed in 30.9164 seconds
[2018.01.22-02.58.37:208][  2]LogCollectionManager: Rebuilt the object cache for 0 collections in 0.000001 seconds (found 0 objects)
[2018.01.22-02.58.37:208][  2]LogCollectionManager: Fixed up redirectors for 0 collections in 0.002628 seconds (updated 0 objects)
[2018.01.22-03.00.37:950][409]LogWindowsTextInputMethodSystem: Display: IME system now activated using TSF (中文 - QQ拼音输入法).
[2018.01.22-03.00.39:483][544]LogStaticMesh: 正在构建静态网格物体APC_Back-L_Wheel...
[2018.01.22-03.00.39:507][544]LogSlate: Took 0.017588 seconds to synchronously load lazily loaded font '../../../Engine/Content/Slate/Fonts/Roboto-Light.ttf' (159K)
[2018.01.22-03.00.39:859][544]LogStaticMesh: Built static mesh [0.38s] /Game/Assets/APC_Back-L_Wheel.APC_Back-L_Wheel
[2018.01.22-03.00.39:943][544]LogStaticMesh: 正在构建静态网格物体APC_Back-R_Wheel...
[2018.01.22-03.00.40:230][544]LogStaticMesh: Built static mesh [0.29s] /Game/Assets/APC_Back-R_Wheel.APC_Back-R_Wheel
[2018.01.22-03.00.40:281][544]LogStaticMesh: 正在构建静态网格物体APC_Front-L_Wheel...
[2018.01.22-03.00.40:562][544]LogStaticMesh: Built static mesh [0.28s] /Game/Assets/APC_Front-L_Wheel.APC_Front-L_Wheel
[2018.01.22-03.00.40:614][544]LogStaticMesh: 正在构建静态网格物体APC_Front-R_Wheel...
[2018.01.22-03.00.40:619][544]LogSlate: Took 0.000103 seconds to synchronously load lazily loaded font '../../../Engine/Content/Slate/Fonts/Roboto-Regular.ttf' (155K)
[2018.01.22-03.00.40:896][544]LogStaticMesh: Built static mesh [0.28s] /Game/Assets/APC_Front-R_Wheel.APC_Front-R_Wheel
[2018.01.22-03.00.40:947][544]LogStaticMesh: 正在构建静态网格物体SciFi_APC-Gun...
[2018.01.22-03.00.41:068][544]LogStaticMesh: Built static mesh [0.12s] /Game/Assets/SciFi_APC-Gun.SciFi_APC-Gun
[2018.01.22-03.00.41:086][544]LogStaticMesh: 正在构建静态网格物体科幻坦克...
[2018.01.22-03.00.41:715][544]LogStaticMesh: Built static mesh [0.63s] /Game/Assets/科幻坦克.科幻坦克
[2018.01.22-03.00.56:617][634]LogContentBrowser: Native class hierarchy updated for 'BlueprintGraph' in 0.0007 seconds. Added 116 classes and 0 folders.
[2018.01.22-03.00.58:424][634]LogSlate: Took 0.019305 seconds to synchronously load lazily loaded font '../../../Engine/Content/Editor/Slate/Fonts/Roboto-BoldCondensed.ttf' (158K)
[2018.01.22-03.00.58:731][635]LogSlate: Took 0.019559 seconds to synchronously load lazily loaded font '../../../Engine/Content/Editor/Slate/Fonts/Roboto-Italic.ttf' (157K)
[2018.01.22-03.02.15:005][ 81]BlueprintLog: New page: 编译BP_Tank
[2018.01.22-03.02.15:813][ 81]Cmd: OBJ SAVEPACKAGE PACKAGE="/Game/Blueprints/BP_Tank" FILE="F:/GitHubProject/UE4_LearnSpace/TanksWar/Content/Blueprints/BP_Tank.uasset" SILENT=true
[2018.01.22-03.02.15:933][ 81]LogSavePackage: Save=112.10ms
[2018.01.22-03.02.15:933][ 81]LogSavePackage: Moving 'F:/GitHubProject/UE4_LearnSpace/TanksWar/Saved/BP_Tank86697AF641ED53C8C02F2B8E7F1C58CA.tmp' to 'F:/GitHubProject/UE4_LearnSpace/TanksWar/Content/Blueprints/BP_Tank.uasset'
[2018.01.22-03.02.15:934][ 81]LogSavePackage: Display: Finished SavePackage F:/GitHubProject/UE4_LearnSpace/TanksWar/Content/Blueprints/BP_Tank.uasset
[2018.01.22-03.02.16:272][107]Cmd: OBJ SAVEPACKAGE PACKAGE="/Game/Blueprints/BP_Tank" FILE="F:/GitHubProject/UE4_LearnSpace/TanksWar/Content/Blueprints/BP_Tank.uasset" SILENT=true
[2018.01.22-03.02.16:293][107]LogSavePackage: Save=19.49ms
[2018.01.22-03.02.16:293][107]LogSavePackage: Moving 'F:/GitHubProject/UE4_LearnSpace/TanksWar/Saved/BP_TankCFDD801D47265D825BED7F82629E0411.tmp' to 'F:/GitHubProject/UE4_LearnSpace/TanksWar/Content/Blueprints/BP_Tank.uasset'
[2018.01.22-03.02.16:293][107]LogSavePackage: Display: Finished SavePackage F:/GitHubProject/UE4_LearnSpace/TanksWar/Content/Blueprints/BP_Tank.uasset
[2018.01.22-03.02.16:774][158]Cmd: OBJ SAVEPACKAGE PACKAGE="/Game/Blueprints/BP_Tank" FILE="F:/GitHubProject/UE4_LearnSpace/TanksWar/Content/Blueprints/BP_Tank.uasset" SILENT=true
[2018.01.22-03.02.16:794][158]LogSavePackage: Save=19.53ms
[2018.01.22-03.02.16:795][158]LogSavePackage: Moving 'F:/GitHubProject/UE4_LearnSpace/TanksWar/Saved/BP_TankD0BC7E6447BAAD04C12E81B541FDFA2E.tmp' to 'F:/GitHubProject/UE4_LearnSpace/TanksWar/Content/Blueprints/BP_Tank.uasset'
[2018.01.22-03.02.16:795][158]LogSavePackage: Display: Finished SavePackage F:/GitHubProject/UE4_LearnSpace/TanksWar/Content/Blueprints/BP_Tank.uasset
[2018.01.22-03.02.18:826][389]LogTemp: Repeating last play command: 选中的视口
[2018.01.22-03.02.18:889][389]LogPlayLevel: PlayLevel: No blueprints needed recompiling
[2018.01.22-03.02.18:949][389]PIE: New page: PIE会话: Untitled_1 (2018年1月22日 下午7:02:18)
[2018.01.22-03.02.18:961][389]LogPlayLevel: Creating play world package: /Temp/UEDPIE_0_Untitled_1
[2018.01.22-03.02.19:011][389]LogPlayLevel: PIE: StaticDuplicateObject took: (0.049339s)
[2018.01.22-03.02.19:011][389]LogAIModule: Creating AISystem for world Untitled_1
[2018.01.22-03.02.19:030][389]LogPlayLevel: PIE: World Init took: (0.018723s)
[2018.01.22-03.02.19:030][389]LogPlayLevel: PIE: Created PIE world by copying editor world from /Temp/Untitled_1.Untitled_1 to /Temp/UEDPIE_0_Untitled_1.Untitled_1 (0.068381s)
[2018.01.22-03.02.19:114][389]LogInit: XAudio2 using '扬声器 (Realtek High Definition Audio)' : 2 channels at 48 kHz using 16 bits per sample (channel mask 0x3)
[2018.01.22-03.02.19:166][389]LogInit: FAudioDevice initialized.
[2018.01.22-03.02.19:212][389]LogLoad: Game class is 'BP_GameModeBase_C'
[2018.01.22-03.02.19:247][389]LogWorld: Bringing World /Temp/UEDPIE_0_Untitled_1.Untitled_1 up for play (max tick rate 0) at 2018.01.22-11.02.19
[2018.01.22-03.02.19:286][389]LogWorld: Bringing up level for play took: 0.040188
[2018.01.22-03.02.19:405][389]LogContentBrowser: Native class hierarchy updated for 'MovieSceneCapture' in 0.0005 seconds. Added 11 classes and 0 folders.
[2018.01.22-03.02.19:455][389]PIE: /Temp/UEDPIE_0_Untitled_1的‘在编辑器中播放’的起始时间1.463
[2018.01.22-03.02.23:721][863]Cmd: SELECT NONE
[2018.01.22-03.02.24:389][917]Cmd: SELECT NONE
[2018.01.22-03.02.24:745][959]Cmd: SELECT NONE
[2018.01.22-03.03.21:954][562]LogTemp: Repeating last play command: 选中的视口
[2018.01.22-03.03.21:962][562]LogPlayLevel: PlayLevel: No blueprints needed recompiling
[2018.01.22-03.03.21:962][562]PIE: New page: PIE会话: Untitled_1 (2018年1月22日 下午7:03:21)
[2018.01.22-03.03.21:962][562]LogPlayLevel: Creating play world package: /Temp/UEDPIE_0_Untitled_1
[2018.01.22-03.03.21:966][562]LogPlayLevel: PIE: StaticDuplicateObject took: (0.003842s)
[2018.01.22-03.03.21:966][562]LogAIModule: Creating AISystem for world Untitled_1
[2018.01.22-03.03.21:966][562]LogPlayLevel: PIE: World Init took: (0.000497s)
[2018.01.22-03.03.21:967][562]LogPlayLevel: PIE: Created PIE world by copying editor world from /Temp/Untitled_1.Untitled_1 to /Temp/UEDPIE_0_Untitled_1.Untitled_1 (0.004578s)
[2018.01.22-03.03.21:989][562]LogInit: XAudio2 using '扬声器 (Realtek High Definition Audio)' : 2 channels at 48 kHz using 16 bits per sample (channel mask 0x3)
[2018.01.22-03.03.22:040][562]LogInit: FAudioDevice initialized.
[2018.01.22-03.03.22:073][562]LogLoad: Game class is 'BP_GameModeBase_C'
[2018.01.22-03.03.22:074][562]LogWorld: Bringing World /Temp/UEDPIE_0_Untitled_1.Untitled_1 up for play (max tick rate 0) at 2018.01.22-11.03.22
[2018.01.22-03.03.22:074][562]LogWorld: Bringing up level for play took: 0.000757
[2018.01.22-03.03.22:076][562]PIE: /Temp/UEDPIE_0_Untitled_1的‘在编辑器中播放’的起始时间0.083
[2018.01.22-03.03.30:741][566]LogAIModule: Creating AISystem for world Main
[2018.01.22-03.03.32:828][566]Cmd: MAP LOAD FILE="F:/GitHubProject/UE4_LearnSpace/TanksWar/Content/Maps/Main.umap" TEMPLATE=0 SHOWPROGRESS=1 FEATURELEVEL=3
[2018.01.22-03.03.32:836][566]LightingResults: New page: 光照构建
[2018.01.22-03.03.32:836][566]LoadErrors: New page: 正在加载地图： Main.umap
[2018.01.22-03.03.32:837][566]MapCheck: New page: 地图检测
[2018.01.22-03.03.32:837][566]LightingResults: New page: 光照构建
[2018.01.22-03.03.32:900][566]LogEditorServer: Finished looking for orphan Actors (0.000 secs)
[2018.01.22-03.03.32:922][566]Cmd: MAP CHECKDEP NOCLEARLOG
[2018.01.22-03.03.32:953][566]MapCheck: 地图检测完成：0个错误，0 个警告，用时30.584毫秒完成。
[2018.01.22-03.03.32:953][566]LogFileHelpers: Loading map 'Main' took 0.158
[2018.01.22-03.03.35:058][803]LogTemp: Repeating last play command: 选中的视口
[2018.01.22-03.03.35:067][803]LogPlayLevel: PlayLevel: No blueprints needed recompiling
[2018.01.22-03.03.35:067][803]PIE: New page: PIE会话: Main (2018年1月22日 下午7:03:35)
[2018.01.22-03.03.35:067][803]LogPlayLevel: Creating play world package: /Game/Maps/UEDPIE_0_Main
[2018.01.22-03.03.35:071][803]LogPlayLevel: PIE: StaticDuplicateObject took: (0.003743s)
[2018.01.22-03.03.35:071][803]LogAIModule: Creating AISystem for world Main
[2018.01.22-03.03.35:071][803]LogPlayLevel: PIE: World Init took: (0.000551s)
[2018.01.22-03.03.35:071][803]LogPlayLevel: PIE: Created PIE world by copying editor world from /Game/Maps/Main.Main to /Game/Maps/UEDPIE_0_Main.Main (0.004535s)
[2018.01.22-03.03.35:099][803]LogInit: XAudio2 using '扬声器 (Realtek High Definition Audio)' : 2 channels at 48 kHz using 16 bits per sample (channel mask 0x3)
[2018.01.22-03.03.35:149][803]LogInit: FAudioDevice initialized.
[2018.01.22-03.03.35:179][803]LogLoad: Game class is 'BP_GameModeBase_C'
[2018.01.22-03.03.35:180][803]LogWorld: Bringing World /Game/Maps/UEDPIE_0_Main.Main up for play (max tick rate 0) at 2018.01.22-11.03.35
[2018.01.22-03.03.35:180][803]LogWorld: Bringing up level for play took: 0.000571
[2018.01.22-03.03.35:182][803]PIE: /Game/Maps/UEDPIE_0_Main的‘在编辑器中播放’的起始时间-0.811
[2018.01.22-03.04.14:010][795]LogWindowsTextInputMethodSystem: Display: IME system now activated using TSF (中文 - QQ拼音输入法).
[2018.01.22-03.04.14:276][796]Cmd: QUIT_EDITOR
[2018.01.22-03.04.18:341][796]LogExit: Preparing to exit.
[2018.01.22-03.04.18:945][796]LogExit: Editor shut down
[2018.01.22-03.04.18:947][796]LogExit: Transaction tracking system shut down
[2018.01.22-03.04.19:094][796]LogDirectoryWatcher: A directory notification for '../../../Engine/Content/' was aborted.
[2018.01.22-03.04.19:094][796]LogDirectoryWatcher: A directory notification for 'F:/GitHubProject/UE4_LearnSpace/TanksWar/Content/' was aborted.
[2018.01.22-03.04.19:094][796]LogDirectoryWatcher: A directory notification for '../../../Engine/Plugins/2D/Paper2D/Content/' was aborted.
[2018.01.22-03.04.19:094][796]LogDirectoryWatcher: A directory notification for '../../../Engine/Plugins/Media/MediaCompositing/Content/' was aborted.
[2018.01.22-03.04.19:094][796]LogDirectoryWatcher: A directory notification for '../../../Engine/Plugins/Runtime/AppleARKit/Content/' was aborted.
[2018.01.22-03.04.19:094][796]LogDirectoryWatcher: A directory notification for '../../../Engine/Plugins/Runtime/Oculus/OculusVR/Content/' was aborted.
[2018.01.22-03.04.19:094][796]LogDirectoryWatcher: A directory notification for '../../../Engine/Plugins/Runtime/Steam/SteamVR/Content/' was aborted.
[2018.01.22-03.04.19:514][796]LogExit: Object subsystem successfully closed.
[2018.01.22-03.04.19:530][796]LogD3D11RHI: Shutdown
[2018.01.22-03.04.19:530][796]LogD3D11RHI: CleanupD3DDevice
[2018.01.22-03.04.19:547][796]LogD3D11RHI: ~FD3D11DynamicRHI
[2018.01.22-03.04.20:020][796]LogModuleManager: Shutting down and abandoning module MovieSceneCapture (556)
[2018.01.22-03.04.20:026][796]LogModuleManager: Shutting down and abandoning module BlueprintGraph (554)
[2018.01.22-03.04.20:026][796]LogModuleManager: Shutting down and abandoning module HierarchicalLODOutliner (552)
[2018.01.22-03.04.20:026][796]LogModuleManager: Shutting down and abandoning module DesktopPlatform (550)
[2018.01.22-03.04.20:038][796]LogModuleManager: Shutting down and abandoning module SceneOutliner (548)
[2018.01.22-03.04.20:038][796]LogModuleManager: Shutting down and abandoning module AddContentDialog (546)
[2018.01.22-03.04.20:051][796]LogDirectoryWatcher: A directory notification for 'D:/UE4WorkSpace/UE4Editor/UE_4.18/FeaturePacks/' was aborted.
[2018.01.22-03.04.20:052][796]LogModuleManager: Shutting down and abandoning module WidgetCarousel (545)
[2018.01.22-03.04.20:052][796]LogModuleManager: Shutting down and abandoning module EditorWidgets (542)
[2018.01.22-03.04.20:052][796]LogModuleManager: Shutting down and abandoning module CollectionManager (540)
[2018.01.22-03.04.20:063][796]LogDirectoryWatcher: A directory notification for 'F:/GitHubProject/UE4_LearnSpace/TanksWar/Content/Collections/' was aborted.
[2018.01.22-03.04.20:063][796]LogDirectoryWatcher: A directory notification for 'F:/GitHubProject/UE4_LearnSpace/TanksWar/Content/Developers/VRUser04/Collections/' was aborted.
[2018.01.22-03.04.20:063][796]LogDirectoryWatcher: A directory notification for 'F:/GitHubProject/UE4_LearnSpace/TanksWar/Saved/Collections/' was aborted.
[2018.01.22-03.04.20:063][796]LogModuleManager: Shutting down and abandoning module HierarchicalLODUtilities (538)
[2018.01.22-03.04.20:079][796]LogModuleManager: Shutting down and abandoning module StatsViewer (536)
[2018.01.22-03.04.20:099][796]LogModuleManager: Shutting down and abandoning module FoliageEdit (534)
[2018.01.22-03.04.20:109][796]LogModuleManager: Shutting down and abandoning module LandscapeEditor (532)
[2018.01.22-03.04.20:120][796]LogModuleManager: Shutting down and abandoning module MeshPaintMode (530)
[2018.01.22-03.04.20:132][796]LogModuleManager: Shutting down and abandoning module SceneDepthPickerMode (528)
[2018.01.22-03.04.20:132][796]LogModuleManager: Shutting down and abandoning module ActorPickerMode (526)
[2018.01.22-03.04.20:132][796]LogModuleManager: Shutting down and abandoning module GeometryMode (524)
[2018.01.22-03.04.20:132][796]LogModuleManager: Shutting down and abandoning module TextureAlignMode (522)
[2018.01.22-03.04.20:132][796]LogModuleManager: Shutting down and abandoning module BspMode (520)
[2018.01.22-03.04.20:132][796]LogModuleManager: Shutting down and abandoning module PIEPreviewDeviceProfileSelector (518)
[2018.01.22-03.04.20:132][796]LogModuleManager: Shutting down and abandoning module HardwareSurvey (516)
[2018.01.22-03.04.20:132][796]LogModuleManager: Shutting down and abandoning module SequenceRecorderSections (514)
[2018.01.22-03.04.20:151][796]LogModuleManager: Shutting down and abandoning module AutomationWorker (512)
[2018.01.22-03.04.20:165][796]LogModuleManager: Shutting down and abandoning module MatineeToLevelSequence (510)
[2018.01.22-03.04.20:181][796]LogModuleManager: Shutting down and abandoning module LevelSequenceEditor (508)
[2018.01.22-03.04.20:203][796]LogModuleManager: Shutting down and abandoning module PlacementMode (507)
[2018.01.22-03.04.20:203][796]LogModuleManager: Shutting down and abandoning module WmfMediaFactory (504)
[2018.01.22-03.04.20:203][796]LogModuleManager: Shutting down and abandoning module WmfMediaEditor (502)
[2018.01.22-03.04.20:203][796]LogModuleManager: Shutting down and abandoning module OpenExrWrapper (500)
[2018.01.22-03.04.20:203][796]LogModuleManager: Shutting down and abandoning module ImgMediaFactory (498)
[2018.01.22-03.04.20:203][796]LogModuleManager: Shutting down and abandoning module ImgMediaEditor (496)
[2018.01.22-03.04.20:203][796]LogModuleManager: Shutting down and abandoning module AvfMediaFactory (494)
[2018.01.22-03.04.20:203][796]LogModuleManager: Shutting down and abandoning module AvfMediaEditor (492)
[2018.01.22-03.04.20:203][796]LogModuleManager: Shutting down and abandoning module AndroidMediaFactory (490)
[2018.01.22-03.04.20:203][796]LogModuleManager: Shutting down and abandoning module AndroidMediaEditor (488)
[2018.01.22-03.04.20:203][796]LogModuleManager: Shutting down and abandoning module CharacterAI (486)
[2018.01.22-03.04.20:203][796]LogModuleManager: Shutting down and abandoning module AudioCapture (484)
[2018.01.22-03.04.20:213][796]LogModuleManager: Shutting down and abandoning module SequenceRecorder (483)
[2018.01.22-03.04.20:219][796]LogModuleManager: Shutting down and abandoning module SmartSnapping (480)
[2018.01.22-03.04.20:220][796]LogModuleManager: Shutting down and abandoning module SessionServices (478)
[2018.01.22-03.04.20:220][796]LogModuleManager: Shutting down and abandoning module ViewportSnapping (476)
[2018.01.22-03.04.20:220][796]LogModuleManager: Shutting down and abandoning module ViewportInteraction (474)
[2018.01.22-03.04.20:220][796]LogModuleManager: Shutting down and abandoning module ClothPainter (472)
[2018.01.22-03.04.20:230][796]LogModuleManager: Shutting down and abandoning module SkeletalMeshEditor (471)
[2018.01.22-03.04.20:253][796]LogModuleManager: Shutting down and abandoning module LogVisualizer (468)
[2018.01.22-03.04.20:268][796]LogModuleManager: Shutting down and abandoning module IntroTutorials (466)
[2018.01.22-03.04.20:290][796]LogModuleManager: Shutting down and abandoning module GameProjectGeneration (465)
[2018.01.22-03.04.20:310][796]LogModuleManager: Shutting down and abandoning module IOSPlatformEditor (462)
[2018.01.22-03.04.20:310][796]LogModuleManager: Shutting down and abandoning module HTML5PlatformEditor (460)
[2018.01.22-03.04.20:310][796]LogModuleManager: Shutting down and abandoning module AndroidPlatformEditor (458)
[2018.01.22-03.04.20:310][796]LogModuleManager: Shutting down and abandoning module AndroidDeviceDetection (457)
[2018.01.22-03.04.20:615][796]LogModuleManager: Shutting down and abandoning module WindowsPlatformEditor (454)
[2018.01.22-03.04.20:615][796]LogModuleManager: Shutting down and abandoning module IOSRuntimeSettings (452)
[2018.01.22-03.04.20:615][796]LogModuleManager: Shutting down and abandoning module AndroidRuntimeSettings (450)
[2018.01.22-03.04.20:615][796]LogModuleManager: Shutting down and abandoning module InputBindingEditor (448)
[2018.01.22-03.04.20:627][796]LogModuleManager: Shutting down and abandoning module MergeActors (446)
[2018.01.22-03.04.20:647][796]LogModuleManager: Shutting down and abandoning module SizeMap (444)
[2018.01.22-03.04.20:647][796]LogModuleManager: Shutting down and abandoning module TreeMap (442)
[2018.01.22-03.04.20:686][796]LogModuleManager: Shutting down and abandoning module ReferenceViewer (440)
[2018.01.22-03.04.20:686][796]LogModuleManager: Shutting down and abandoning module LocalizationDashboard (438)
[2018.01.22-03.04.20:697][796]LogModuleManager: Shutting down and abandoning module LocalizationService (437)
[2018.01.22-03.04.20:705][796]LogModuleManager: Shutting down and abandoning module HardwareTargeting (434)
[2018.01.22-03.04.20:705][796]LogModuleManager: Shutting down and abandoning module DeviceProfileEditor (432)
[2018.01.22-03.04.20:705][796]LogModuleManager: Shutting down and abandoning module UndoHistory (430)
[2018.01.22-03.04.20:705][796]LogModuleManager: Shutting down and abandoning module XmlParser (428)
[2018.01.22-03.04.20:714][796]LogModuleManager: Shutting down and abandoning module Blutility (426)
[2018.01.22-03.04.20:714][796]LogModuleManager: Shutting down and abandoning module ProjectSettingsViewer (424)
[2018.01.22-03.04.20:714][796]LogModuleManager: Shutting down and abandoning module ProjectTargetPlatformEditor (423)
[2018.01.22-03.04.20:714][796]LogModuleManager: Shutting down and abandoning module EditorSettingsViewer (420)
[2018.01.22-03.04.20:714][796]LogModuleManager: Shutting down and abandoning module SettingsEditor (418)
[2018.01.22-03.04.20:725][796]LogModuleManager: Shutting down and abandoning module ProjectLauncher (416)
[2018.01.22-03.04.20:750][796]LogModuleManager: Shutting down and abandoning module SessionFrontend (414)
[2018.01.22-03.04.20:767][796]LogModuleManager: Shutting down and abandoning module ProfilerClient (412)
[2018.01.22-03.04.20:777][796]LogModuleManager: Shutting down and abandoning module DeviceManager (410)
[2018.01.22-03.04.20:794][796]LogModuleManager: Shutting down and abandoning module TargetDeviceServices (409)
[2018.01.22-03.04.20:848][796]LogModuleManager: Shutting down and abandoning module AutomationController (406)
[2018.01.22-03.04.20:864][796]LogModuleManager: Shutting down and abandoning module AutomationWindow (404)
[2018.01.22-03.04.20:899][796]LogModuleManager: Shutting down and abandoning module Layers (402)
[2018.01.22-03.04.20:924][796]LogModuleManager: Shutting down and abandoning module ComponentVisualizers (400)
[2018.01.22-03.04.20:924][796]LogModuleManager: Shutting down and abandoning module DetailCustomizations (398)
[2018.01.22-03.04.20:924][796]LogModuleManager: Shutting down and abandoning module PackagesDialog (396)
[2018.01.22-03.04.20:925][796]LogModuleManager: Shutting down and abandoning module Persona (394)
[2018.01.22-03.04.20:925][796]LogModuleManager: Shutting down and abandoning module AdvancedPreviewScene (393)
[2018.01.22-03.04.20:925][796]LogModuleManager: Shutting down and abandoning module AnimGraph (391)
[2018.01.22-03.04.20:925][796]LogModuleManager: Shutting down and abandoning module Kismet (388)
[2018.01.22-03.04.20:957][796]LogModuleManager: Shutting down and abandoning module ClassViewer (386)
[2018.01.22-03.04.20:957][796]LogModuleManager: Shutting down and abandoning module Toolbox (384)
[2018.01.22-03.04.20:957][796]LogModuleManager: Shutting down and abandoning module ModuleUI (382)
[2018.01.22-03.04.20:966][796]LogModuleManager: Shutting down and abandoning module MovieSceneTools (380)
[2018.01.22-03.04.20:987][796]LogModuleManager: Shutting down and abandoning module OutputLog (378)
[2018.01.22-03.04.20:987][796]LogModuleManager: Shutting down and abandoning module GammaUI (376)
[2018.01.22-03.04.20:988][796]LogModuleManager: Shutting down and abandoning module Documentation (374)
[2018.01.22-03.04.20:988][796]LogModuleManager: Shutting down and abandoning module MovieSceneTracks (372)
[2018.01.22-03.04.20:990][796]LogModuleManager: Shutting down and abandoning module MovieScene (370)
[2018.01.22-03.04.20:990][796]LogModuleManager: Shutting down and abandoning module StreamingPauseRendering (368)
[2018.01.22-03.04.20:990][796]LogModuleManager: Shutting down and abandoning module LauncherPlatform (366)
[2018.01.22-03.04.20:990][796]LogModuleManager: Shutting down and abandoning module AnalyticsET (364)
[2018.01.22-03.04.20:990][796]LogModuleManager: Shutting down and abandoning module PortalServices (362)
[2018.01.22-03.04.20:990][796]LogModuleManager: Shutting down and abandoning module PortalRpc (360)
[2018.01.22-03.04.20:991][796]LogModuleManager: Shutting down and abandoning module MessagingRpc (358)
[2018.01.22-03.04.20:991][796]LogModuleManager: Shutting down and abandoning module AIModule (356)
[2018.01.22-03.04.21:014][796]LogModuleManager: Shutting down and abandoning module GameplayDebugger (355)
[2018.01.22-03.04.21:014][796]LogModuleManager: Shutting down and abandoning module AITestSuite (353)
[2018.01.22-03.04.21:027][796]LogModuleManager: Shutting down and abandoning module ProfilerService (350)
[2018.01.22-03.04.21:258][796]LogModuleManager: Shutting down and abandoning module TaskGraph (348)
[2018.01.22-03.04.21:279][796]LogModuleManager: Shutting down and abandoning module SteamVRController (346)
[2018.01.22-03.04.21:279][796]LogModuleManager: Shutting down and abandoning module ProceduralMeshComponentEditor (344)
[2018.01.22-03.04.21:279][796]LogModuleManager: Shutting down and abandoning module ProceduralMeshComponent (342)
[2018.01.22-03.04.21:279][796]LogModuleManager: Shutting down and abandoning module OculusInput (340)
[2018.01.22-03.04.21:295][796]LogModuleManager: Shutting down and abandoning module MobilePatchingUtils (338)
[2018.01.22-03.04.21:295][796]LogModuleManager: Shutting down and abandoning module CustomMeshComponent (336)
[2018.01.22-03.04.21:295][796]LogModuleManager: Shutting down and abandoning module CableComponent (334)
[2018.01.22-03.04.21:303][796]LogModuleManager: Shutting down and abandoning module ArchVisCharacter (332)
[2018.01.22-03.04.21:303][796]LogModuleManager: Shutting down and abandoning module AndroidPermission (330)
[2018.01.22-03.04.21:303][796]LogModuleManager: Shutting down and abandoning module ActorSequence (326)
[2018.01.22-03.04.21:303][796]LogModuleManager: Shutting down and abandoning module MediaPlayerEditor (324)
[2018.01.22-03.04.21:327][796]LogModuleManager: Shutting down and abandoning module MediaCompositingEditor (322)
[2018.01.22-03.04.21:327][796]LogModuleManager: Shutting down and abandoning module MediaCompositing (320)
[2018.01.22-03.04.21:327][796]LogModuleManager: Shutting down and abandoning module HTML5Networking (318)
[2018.01.22-03.04.21:327][796]LogModuleManager: Shutting down and abandoning module AlembicImporter (316)
[2018.01.22-03.04.21:335][796]LogModuleManager: Shutting down and abandoning module AlembicLibrary (315)
[2018.01.22-03.04.21:335][796]LogModuleManager: Shutting down and abandoning module GeometryCache (314)
[2018.01.22-03.04.21:345][796]LogModuleManager: Shutting down and abandoning module GeometryCacheEd (313)
[2018.01.22-03.04.21:345][796]LogModuleManager: Shutting down and abandoning module SpeedTreeImporter (308)
[2018.01.22-03.04.21:345][796]LogModuleManager: Shutting down and abandoning module PluginBrowser (306)
[2018.01.22-03.04.21:366][796]LogModuleManager: Shutting down and abandoning module MobileLauncherProfileWizard (304)
[2018.01.22-03.04.21:377][796]LogModuleManager: Shutting down and abandoning module VisualStudioSourceCodeAccess (302)
[2018.01.22-03.04.21:377][796]LogModuleManager: Shutting down and abandoning module VisualStudioCodeSourceCodeAccess (300)
[2018.01.22-03.04.21:377][796]LogModuleManager: Shutting down and abandoning module UObjectPlugin (298)
[2018.01.22-03.04.21:377][796]LogModuleManager: Shutting down and abandoning module SubversionSourceControl (296)
[2018.01.22-03.04.21:383][796]LogModuleManager: Shutting down and abandoning module PerforceSourceControl (294)
[2018.01.22-03.04.21:391][796]LogModuleManager: Shutting down and abandoning module GitSourceControl (292)
[2018.01.22-03.04.21:402][796]LogModuleManager: Shutting down and abandoning module SourceControl (291)
[2018.01.22-03.04.21:423][796]LogModuleManager: Shutting down and abandoning module LightPropagationVolumeEditor (288)
[2018.01.22-03.04.21:423][796]LogModuleManager: Shutting down and abandoning module PaperTiledImporter (286)
[2018.01.22-03.04.21:423][796]LogModuleManager: Shutting down and abandoning module PaperSpriteSheetImporter (284)
[2018.01.22-03.04.21:423][796]LogModuleManager: Shutting down and abandoning module Paper2DEditor (282)
[2018.01.22-03.04.21:438][796]LogModuleManager: Shutting down and abandoning module MeshPaint (281)
[2018.01.22-03.04.21:452][796]LogModuleManager: Shutting down and abandoning module LevelEditor (279)
[2018.01.22-03.04.21:462][796]LogModuleManager: Shutting down and abandoning module PixelInspectorModule (278)
[2018.01.22-03.04.21:478][796]LogModuleManager: Shutting down and abandoning module MainFrame (276)
[2018.01.22-03.04.21:478][796]LogModuleManager: Shutting down and abandoning module HotReload (275)
[2018.01.22-03.04.21:485][796]LogDirectoryWatcher: A directory notification for 'F:/GitHubProject/UE4_LearnSpace/TanksWar/Binaries/Win64' was aborted.
[2018.01.22-03.04.21:493][796]LogModuleManager: Shutting down and abandoning module TanksWar (270)
[2018.01.22-03.04.21:493][796]LogModuleManager: Shutting down and abandoning module RuntimePhysXCooking (268)
[2018.01.22-03.04.21:493][796]LogModuleManager: Shutting down and abandoning module PhysXVehiclesEditor (266)
[2018.01.22-03.04.21:493][796]LogModuleManager: Shutting down and abandoning module PhysXVehicles (264)
[2018.01.22-03.04.21:493][796]LogModuleManager: Shutting down and abandoning module OculusEditor (262)
[2018.01.22-03.04.21:493][796]LogModuleManager: Shutting down and abandoning module LocationServicesBPLibrary (260)
[2018.01.22-03.04.21:493][796]LogModuleManager: Shutting down and abandoning module ImmediatePhysicsEditor (258)
[2018.01.22-03.04.21:493][796]LogModuleManager: Shutting down and abandoning module ImmediatePhysics (256)
[2018.01.22-03.04.21:493][796]LogModuleManager: Shutting down and abandoning module UdpMessaging (254)
[2018.01.22-03.04.21:594][796]LogModuleManager: Shutting down and abandoning module TcpMessaging (252)
[2018.01.22-03.04.21:695][796]LogModuleManager: Shutting down and abandoning module GameplayTagsEditor (250)
[2018.01.22-03.04.21:695][796]LogModuleManager: Shutting down and abandoning module FacialAnimationEditor (248)
[2018.01.22-03.04.21:695][796]LogModuleManager: Shutting down and abandoning module FacialAnimation (246)
[2018.01.22-03.04.21:695][796]LogModuleManager: Shutting down and abandoning module AssetManagerEditor (244)
[2018.01.22-03.04.21:695][796]LogModuleManager: Shutting down and abandoning module GraphEditor (243)
[2018.01.22-03.04.21:695][796]LogModuleManager: Shutting down and abandoning module ContentBrowser (241)
[2018.01.22-03.04.21:695][796]LogModuleManager: Shutting down and abandoning module LightPropagationVolumeRuntime (238)
[2018.01.22-03.04.21:695][796]LogModuleManager: Shutting down and abandoning module Paper2D (236)
[2018.01.22-03.04.21:695][796]LogModuleManager: Shutting down and abandoning module WindowsMoviePlayer (234)
[2018.01.22-03.04.21:695][796]LogModuleManager: Shutting down and abandoning module WmfMedia (232)
[2018.01.22-03.04.21:695][796]LogModuleManager: Shutting down and abandoning module ImgMedia (230)
[2018.01.22-03.04.21:695][796]LogModuleManager: Shutting down and abandoning module PacketHandler (228)
[2018.01.22-03.04.21:695][796]LogModuleManager: Shutting down and abandoning module ClothingSystemEditor (226)
[2018.01.22-03.04.21:695][796]LogModuleManager: Shutting down and abandoning module ClothingSystemRuntime (224)
[2018.01.22-03.04.21:695][796]LogModuleManager: Shutting down and abandoning module MediaAssets (222)
[2018.01.22-03.04.21:696][796]LogModuleManager: Shutting down and abandoning module Media (221)
[2018.01.22-03.04.21:702][796]LogModuleManager: Shutting down and abandoning module Overlay (218)
[2018.01.22-03.04.21:702][796]LogModuleManager: Shutting down and abandoning module OverlayEditor (217)
[2018.01.22-03.04.21:702][796]LogModuleManager: Shutting down and abandoning module VREditor (214)
[2018.01.22-03.04.21:702][796]LogModuleManager: Shutting down and abandoning module StringTableEditor (212)
[2018.01.22-03.04.21:702][796]LogModuleManager: Shutting down and abandoning module GameplayTasksEditor (210)
[2018.01.22-03.04.21:702][796]LogModuleManager: Shutting down and abandoning module BehaviorTreeEditor (208)
[2018.01.22-03.04.21:702][796]LogModuleManager: Shutting down and abandoning module FunctionalTesting (206)
[2018.01.22-03.04.21:702][796]LogModuleManager: Shutting down and abandoning module CollisionAnalyzer (204)
[2018.01.22-03.04.21:702][796]LogModuleManager: Shutting down and abandoning module WorkspaceMenuStructure (203)
[2018.01.22-03.04.21:702][796]LogModuleManager: Shutting down and abandoning module UMG (200)
[2018.01.22-03.04.21:702][796]LogModuleManager: Shutting down and abandoning module UMGEditor (199)
[2018.01.22-03.04.21:702][796]LogModuleManager: Shutting down and abandoning module Sequencer (198)
[2018.01.22-03.04.21:702][796]LogModuleManager: Shutting down and abandoning module MessageLog (195)
[2018.01.22-03.04.21:702][796]LogModuleManager: Shutting down and abandoning module SlateReflector (190)
[2018.01.22-03.04.21:702][796]LogModuleManager: Shutting down and abandoning module Slate (188)
[2018.01.22-03.04.21:702][796]LogModuleManager: Shutting down and abandoning module EditorStyle (186)
[2018.01.22-03.04.21:704][796]LogModuleManager: Shutting down and abandoning module MRMesh (184)
[2018.01.22-03.04.21:704][796]LogModuleManager: Shutting down and abandoning module SourceCodeAccess (182)
[2018.01.22-03.04.21:704][796]LogModuleManager: Shutting down and abandoning module HeadMountedDisplay (180)
[2018.01.22-03.04.21:704][796]LogModuleManager: Shutting down and abandoning module XAudio2 (178)
[2018.01.22-03.04.21:704][796]LogModuleManager: Shutting down and abandoning module Networking (176)
[2018.01.22-03.04.21:704][796]LogModuleManager: Shutting down and abandoning module Core (172)
[2018.01.22-03.04.21:704][796]LogModuleManager: Shutting down and abandoning module LevelSequence (168)
[2018.01.22-03.04.21:704][796]LogModuleManager: Shutting down and abandoning module DirectoryWatcher (166)
[2018.01.22-03.04.21:704][796]LogModuleManager: Shutting down and abandoning module KismetCompiler (164)
[2018.01.22-03.04.21:704][796]LogModuleManager: Shutting down and abandoning module MeshUtilities (162)
[2018.01.22-03.04.21:704][796]LogModuleManager: Shutting down and abandoning module MeshMergeUtilities (161)
[2018.01.22-03.04.21:704][796]LogModuleManager: Shutting down and abandoning module MeshReductionInterface (160)
[2018.01.22-03.04.21:704][796]LogModuleManager: Shutting down and abandoning module SimplygonSwarm (159)
[2018.01.22-03.04.21:704][796]LogModuleManager: Shutting down and abandoning module SimplygonMeshReduction (157)
[2018.01.22-03.04.21:704][796]LogModuleManager: Shutting down and abandoning module QuadricMeshReduction (155)
[2018.01.22-03.04.21:704][796]LogModuleManager: Shutting down and abandoning module MaterialBaking (151)
[2018.01.22-03.04.21:704][796]LogModuleManager: Shutting down and abandoning module DerivedDataCache (148)
[2018.01.22-03.04.21:780][796]LogDerivedDataCache: Shutdown
[2018.01.22-03.04.21:780][796]LogModuleManager: Shutting down and abandoning module TargetPlatform (146)
[2018.01.22-03.04.21:780][796]LogModuleManager: Shutting down and abandoning module VulkanShaderFormat (145)
[2018.01.22-03.04.21:780][796]LogModuleManager: Shutting down and abandoning module ShaderFormatVectorVM (143)
[2018.01.22-03.04.21:780][796]LogModuleManager: Shutting down and abandoning module ShaderFormatOpenGL (141)
[2018.01.22-03.04.21:780][796]LogModuleManager: Shutting down and abandoning module ShaderFormatD3D (139)
[2018.01.22-03.04.21:780][796]LogModuleManager: Shutting down and abandoning module MetalShaderFormat (137)
[2018.01.22-03.04.21:780][796]LogModuleManager: Shutting down and abandoning module TextureFormatUncompressed (135)
[2018.01.22-03.04.21:780][796]LogModuleManager: Shutting down and abandoning module TextureFormatPVR (133)
[2018.01.22-03.04.21:780][796]LogModuleManager: Shutting down and abandoning module TextureFormatDXT (131)
[2018.01.22-03.04.21:780][796]LogModuleManager: Shutting down and abandoning module TextureFormatIntelISPCTexComp (129)
[2018.01.22-03.04.21:780][796]LogModuleManager: Shutting down and abandoning module TextureFormatASTC (127)
[2018.01.22-03.04.21:780][796]LogModuleManager: Shutting down and abandoning module ImageWrapper (126)
[2018.01.22-03.04.21:780][796]LogModuleManager: Shutting down and abandoning module TextureFormatAndroid (123)
[2018.01.22-03.04.21:780][796]LogModuleManager: Shutting down and abandoning module AudioFormatOpus (121)
[2018.01.22-03.04.21:780][796]LogModuleManager: Shutting down and abandoning module AudioFormatOgg (119)
[2018.01.22-03.04.21:780][796]LogModuleManager: Shutting down and abandoning module AudioFormatADPCM (117)
[2018.01.22-03.04.21:780][796]LogModuleManager: Shutting down and abandoning module LinuxTargetPlatform (115)
[2018.01.22-03.04.21:780][796]LogModuleManager: Shutting down and abandoning module LinuxServerTargetPlatform (113)
[2018.01.22-03.04.21:780][796]LogModuleManager: Shutting down and abandoning module LinuxNoEditorTargetPlatform (111)
[2018.01.22-03.04.21:780][796]LogModuleManager: Shutting down and abandoning module LinuxClientTargetPlatform (109)
[2018.01.22-03.04.21:780][796]LogModuleManager: Shutting down and abandoning module TVOSTargetPlatform (107)
[2018.01.22-03.04.21:780][796]LogModuleManager: Shutting down and abandoning module Messaging (105)
[2018.01.22-03.04.21:780][796]LogModuleManager: Shutting down and abandoning module IOSTargetPlatform (103)
[2018.01.22-03.04.21:780][796]LogModuleManager: Shutting down and abandoning module HTML5TargetPlatform (101)
[2018.01.22-03.04.21:780][796]LogModuleManager: Shutting down and abandoning module AndroidTargetPlatform (99)
[2018.01.22-03.04.21:780][796]LogModuleManager: Shutting down and abandoning module Android_PVRTCTargetPlatform (97)
[2018.01.22-03.04.21:780][796]LogModuleManager: Shutting down and abandoning module Android_MultiTargetPlatform (95)
[2018.01.22-03.04.21:780][796]LogModuleManager: Shutting down and abandoning module Android_ETC2TargetPlatform (93)
[2018.01.22-03.04.21:780][796]LogModuleManager: Shutting down and abandoning module Android_ETC1TargetPlatform (91)
[2018.01.22-03.04.21:780][796]LogModuleManager: Shutting down and abandoning module Android_DXTTargetPlatform (89)
[2018.01.22-03.04.21:780][796]LogModuleManager: Shutting down and abandoning module Android_ATCTargetPlatform (87)
[2018.01.22-03.04.21:780][796]LogModuleManager: Shutting down and abandoning module Android_ASTCTargetPlatform (85)
[2018.01.22-03.04.21:780][796]LogModuleManager: Shutting down and abandoning module WindowsTargetPlatform (83)
[2018.01.22-03.04.21:780][796]LogModuleManager: Shutting down and abandoning module WindowsServerTargetPlatform (81)
[2018.01.22-03.04.21:780][796]LogModuleManager: Shutting down and abandoning module WindowsNoEditorTargetPlatform (79)
[2018.01.22-03.04.21:781][796]LogModuleManager: Shutting down and abandoning module WindowsClientTargetPlatform (77)
[2018.01.22-03.04.21:781][796]LogModuleManager: Shutting down and abandoning module MacTargetPlatform (75)
[2018.01.22-03.04.21:781][796]LogModuleManager: Shutting down and abandoning module MacServerTargetPlatform (73)
[2018.01.22-03.04.21:781][796]LogModuleManager: Shutting down and abandoning module MacNoEditorTargetPlatform (71)
[2018.01.22-03.04.21:781][796]LogModuleManager: Shutting down and abandoning module MacClientTargetPlatform (69)
[2018.01.22-03.04.21:781][796]LogModuleManager: Shutting down and abandoning module AllDesktopTargetPlatform (67)
[2018.01.22-03.04.21:781][796]LogModuleManager: Shutting down and abandoning module InputCore (64)
[2018.01.22-03.04.21:781][796]LogModuleManager: Shutting down and abandoning module Settings (62)
[2018.01.22-03.04.21:781][796]LogModuleManager: Shutting down and abandoning module PhysXCooking (60)
[2018.01.22-03.04.21:781][796]LogModuleManager: Shutting down and abandoning module SteamVR (58)
[2018.01.22-03.04.21:781][796]LogModuleManager: Shutting down and abandoning module OculusHMD (56)
[2018.01.22-03.04.21:781][796]LogModuleManager: Shutting down and abandoning module ExampleDeviceProfileSelector (54)
[2018.01.22-03.04.21:781][796]LogModuleManager: Shutting down and abandoning module AppleARKit (52)
[2018.01.22-03.04.21:781][796]LogModuleManager: Shutting down and abandoning module AugmentedReality (51)
[2018.01.22-03.04.21:781][796]LogModuleManager: Shutting down and abandoning module OnlineBlueprintSupport (48)
[2018.01.22-03.04.21:781][796]LogModuleManager: Shutting down and abandoning module OnlineSubsystem (44)
[2018.01.22-03.04.21:807][796]LogModuleManager: Shutting down and abandoning module XMPP (43)
[2018.01.22-03.04.21:807][796]LogModuleManager: Shutting down and abandoning module HTTP (41)
[2018.01.22-03.04.21:807][796]LogHttp: Display: Http module shutting down, but needs to wait on 1 outstanding Http requests:
[2018.01.22-03.04.21:824][796]LogHttp: Display: 	verb=[POST] url=[https://datarouter.ol.epicgames.com/datarouter/api/v1/public/data?SessionID=%7BE114A2FE-4B12-6529-9756-D695DD479286%7D&AppID=UEEditor.Rocket.Release&AppVersion=4.18.3-3832480%2B%2B%2BUE4%2BRelease-4.18&UserID=6541e9ef465975c5b44597899291024b%7C8f84b6f018fd4201ac6fd80411759599%7C347b3767-b84e-4381-8383-7acce96c3eaa&AppEnvironment=datacollector-binary&UploadType=eteventstream] status=Processing
[2018.01.22-03.04.21:826][796]LogModuleManager: Shutting down and abandoning module SSL (40)
[2018.01.22-03.04.21:827][796]LogModuleManager: Shutting down and abandoning module AnimationModifiers (36)
[2018.01.22-03.04.21:827][796]LogModuleManager: Shutting down and abandoning module PropertyEditor (35)
[2018.01.22-03.04.21:827][796]LogModuleManager: Shutting down and abandoning module AudioEditor (32)
[2018.01.22-03.04.21:827][796]LogModuleManager: Shutting down and abandoning module TextureCompressor (30)
[2018.01.22-03.04.21:827][796]LogModuleManager: Shutting down and abandoning module ShaderCore (28)
[2018.01.22-03.04.21:827][796]LogModuleManager: Shutting down and abandoning module Landscape (26)
[2018.01.22-03.04.21:827][796]LogModuleManager: Shutting down and abandoning module SlateRHIRenderer (24)
[2018.01.22-03.04.21:828][796]LogModuleManager: Shutting down and abandoning module OpenGLDrv (22)
[2018.01.22-03.04.21:828][796]LogModuleManager: Shutting down and abandoning module D3D11RHI (20)
[2018.01.22-03.04.21:828][796]LogModuleManager: Shutting down and abandoning module AnimGraphRuntime (18)
[2018.01.22-03.04.21:828][796]LogModuleManager: Shutting down and abandoning module Renderer (16)
[2018.01.22-03.04.21:828][796]LogModuleManager: Shutting down and abandoning module Engine (14)
[2018.01.22-03.04.21:828][796]LogModuleManager: Shutting down and abandoning module CoreUObject (12)
[2018.01.22-03.04.21:828][796]LogModuleManager: Shutting down and abandoning module NetworkFile (10)
[2018.01.22-03.04.21:828][796]LogModuleManager: Shutting down and abandoning module CookedIterativeFile (8)
[2018.01.22-03.04.21:828][796]LogModuleManager: Shutting down and abandoning module StreamingFile (6)
[2018.01.22-03.04.21:828][796]LogModuleManager: Shutting down and abandoning module SandboxFile (4)
[2018.01.22-03.04.21:828][796]LogModuleManager: Shutting down and abandoning module PakFile (2)
[2018.01.22-03.04.21:830][796]LogExit: Exiting.
[2018.01.22-03.04.21:836][796]Log file closed, 01/22/18 11:04:21
